<?xml version="1.0" encoding="UTF-8"?>
<testsuite xmlns:xsi="http://www.w3.org/2001/XMLSchema-instance" xsi:noNamespaceSchemaLocation="https://maven.apache.org/surefire/maven-surefire-plugin/xsd/surefire-test-report.xsd" name="com.pedrocoelho.learningspringframework.services.map.OwnerMapServiceTest" time="0.059" tests="14" errors="0" skipped="0" failures="0">
  <properties>
[...]
</properties>
  <testcase name="saveNoId" classname="com.pedrocoelho.learningspringframework.services.map.OwnerMapServiceTest" time="0.034"/>
  <testcase name="findByLastNameNotFound" classname="com.pedrocoelho.learningspringframework.services.map.OwnerMapServiceTest" time="0.002"/>
  <testcase name="saveExistingId" classname="com.pedrocoelho.learningspringframework.services.map.OwnerMapServiceTest" time="0.003"/>
  <testcase name="delete" classname="com.pedrocoelho.learningspringframework.services.map.OwnerMapServiceTest" time="0.002"/>
  <testcase name="findAll" classname="com.pedrocoelho.learningspringframework.services.map.OwnerMapServiceTest" time="0.001"/>
  <testcase name="findById" classname="com.pedrocoelho.learningspringframework.services.map.OwnerMapServiceTest" time="0.002"/>
  <testcase name="findAllByLastName" classname="com.pedrocoelho.learningspringframework.services.map.OwnerMapServiceTest" time="0.001"/>
  <testcase name="findAllByFirstName" classname="com.pedrocoelho.learningspringframework.services.map.OwnerMapServiceTest" time="0.002"/>
  <testcase name="save" classname="com.pedrocoelho.learningspringframework.services.map.OwnerMapServiceTest" time="0.001"/>
  <testcase name="findByLastName" classname="com.pedrocoelho.learningspringframework.services.map.OwnerMapServiceTest" time="0.002"/>
  <testcase name="findByFirstName" classname="com.pedrocoelho.learningspringframework.services.map.OwnerMapServiceTest" time="0.002"/>
  <testcase name="findByFirstNameNotFound" classname="com.pedrocoelho.learningspringframework.services.map.OwnerMapServiceTest" time="0.001"/>
  <testcase name="deleteById" classname="com.pedrocoelho.learningspringframework.services.map.OwnerMapServiceTest" time="0.001"/>
  <testcase name="saveAll" classname="com.pedrocoelho.learningspringframework.services.map.OwnerMapServiceTest" time="0.002"/>
</testsuite>